<?xml version="1.0" encoding="UTF-8"?>
<!-- Generated by org.testng.reporters.JUnitXMLReporter -->
<testsuite hostname="ICT-2003278-AQA" name="AdditionalDrivers - secondaryDriverAddVehicle acceptRequestFromPrimaryAccount (failed)" tests="1" failures="1" timestamp="8 May 2023 18:30:36 GMT" time="19.86" errors="0">
  <testcase name="secondaryDriverAddVehicle" time="10.892" classname="testcases.TC013_AdditionalDrivers">
    <failure type="org.openqa.selenium.ElementClickInterceptedException" message="element click intercepted: Element &amp;lt;img height=&amp;quot;100&amp;quot; src=&amp;quot;/content/dam/kia/us/owners/image/vehicle/2023/telluride/2023-TELLURIDE.png&amp;quot; alt=&amp;quot;TELLURIDE&amp;quot; title=&amp;quot;TELLURIDE&amp;quot;&amp;gt; is not clickable at point (891, 397). Other element would receive the click: &amp;lt;div aria-hidden=&amp;quot;true&amp;quot; aria-labelledby=&amp;quot;loginLabel&amp;quot; class=&amp;quot;modal fade in add&amp;quot; id=&amp;quot;login&amp;quot; role=&amp;quot;dialog&amp;quot; tabindex=&amp;quot;-1&amp;quot; style=&amp;quot;display: block;&amp;quot;&amp;gt;...&amp;lt;/div&amp;gt;
  (Session info: chrome=112.0.5615.121)
Build info: version: &amp;apos;3.141.59&amp;apos;, revision: &amp;apos;e82be7d358&amp;apos;, time: &amp;apos;2018-11-14T08:25:48&amp;apos;
System info: host: &amp;apos;ICT-2003278-AQA&amp;apos;, ip: &amp;apos;10.108.25.73&amp;apos;, os.name: &amp;apos;Windows 10&amp;apos;, os.arch: &amp;apos;amd64&amp;apos;, os.version: &amp;apos;10.0&amp;apos;, java.version: &amp;apos;1.8.0_311&amp;apos;
Driver info: org.openqa.selenium.chrome.ChromeDriver
Capabilities {acceptInsecureCerts: false, browserName: chrome, browserVersion: 112.0.5615.121, chrome: {chromedriverVersion: 112.0.5615.49 (bd2a7bcb881c..., userDataDir: C:\Users\2003278\AppData\Lo...}, goog:chromeOptions: {debuggerAddress: localhost:55886}, javascriptEnabled: true, networkConnectionEnabled: false, pageLoadStrategy: normal, platform: WINDOWS, platformName: WINDOWS, proxy: Proxy(), setWindowRect: true, strictFileInteractability: false, timeouts: {implicit: 0, pageLoad: 300000, script: 30000}, unhandledPromptBehavior: dismiss and notify, webauthn:extension:credBlob: true, webauthn:extension:largeBlob: true, webauthn:extension:minPinLength: true, webauthn:extension:prf: true, webauthn:virtualAuthenticators: true}
Session ID: 9d12450881cd6d9d50e74dea753ab162">
      <![CDATA[org.openqa.selenium.ElementClickInterceptedException: element click intercepted: Element <img height="100" src="/content/dam/kia/us/owners/image/vehicle/2023/telluride/2023-TELLURIDE.png" alt="TELLURIDE" title="TELLURIDE"> is not clickable at point (891, 397). Other element would receive the click: <div aria-hidden="true" aria-labelledby="loginLabel" class="modal fade in add" id="login" role="dialog" tabindex="-1" style="display: block;">...</div>
  (Session info: chrome=112.0.5615.121)
Build info: version: '3.141.59', revision: 'e82be7d358', time: '2018-11-14T08:25:48'
System info: host: 'ICT-2003278-AQA', ip: '10.108.25.73', os.name: 'Windows 10', os.arch: 'amd64', os.version: '10.0', java.version: '1.8.0_311'
Driver info: org.openqa.selenium.chrome.ChromeDriver
Capabilities {acceptInsecureCerts: false, browserName: chrome, browserVersion: 112.0.5615.121, chrome: {chromedriverVersion: 112.0.5615.49 (bd2a7bcb881c..., userDataDir: C:\Users\2003278\AppData\Lo...}, goog:chromeOptions: {debuggerAddress: localhost:55886}, javascriptEnabled: true, networkConnectionEnabled: false, pageLoadStrategy: normal, platform: WINDOWS, platformName: WINDOWS, proxy: Proxy(), setWindowRect: true, strictFileInteractability: false, timeouts: {implicit: 0, pageLoad: 300000, script: 30000}, unhandledPromptBehavior: dismiss and notify, webauthn:extension:credBlob: true, webauthn:extension:largeBlob: true, webauthn:extension:minPinLength: true, webauthn:extension:prf: true, webauthn:virtualAuthenticators: true}
Session ID: 9d12450881cd6d9d50e74dea753ab162
	at org.openqa.selenium.remote.http.W3CHttpResponseCodec.createException(W3CHttpResponseCodec.java:187)
	at org.openqa.selenium.remote.http.W3CHttpResponseCodec.decode(W3CHttpResponseCodec.java:122)
	at org.openqa.selenium.remote.http.W3CHttpResponseCodec.decode(W3CHttpResponseCodec.java:49)
	at org.openqa.selenium.remote.HttpCommandExecutor.execute(HttpCommandExecutor.java:158)
	at org.openqa.selenium.remote.service.DriverCommandExecutor.execute(DriverCommandExecutor.java:83)
	at org.openqa.selenium.remote.RemoteWebDriver.execute(RemoteWebDriver.java:552)
	at org.openqa.selenium.remote.RemoteWebElement.execute(RemoteWebElement.java:285)
	at org.openqa.selenium.remote.RemoteWebElement.click(RemoteWebElement.java:84)
	at wrappers.GenericWrappers.pickTheCar(GenericWrappers.java:853)
	at pages.P4_MyVehicles.secondaryDriverAddVehicle(P4_MyVehicles.java:95)
	at testcases.TC013_AdditionalDrivers.secondaryDriverAddVehicle(TC013_AdditionalDrivers.java:42)
... Removed 28 stack frames]]>
    </failure>
  </testcase> <!-- secondaryDriverAddVehicle -->
</testsuite> <!-- AdditionalDrivers - secondaryDriverAddVehicle acceptRequestFromPrimaryAccount (failed) -->
