<?xml version="1.0" encoding="UTF-8"?>
<!-- Generated by org.testng.reporters.JUnitXMLReporter -->
<testsuite hostname="ICT-2003278-AQA" name="Curfew Alert - Update Curfew Alert(failed)" tests="1" failures="1" timestamp="8 May 2023 18:27:33 GMT" time="41.331" errors="0">
  <testcase name="updateCurfewAlert" time="31.586" classname="testcases.TC011_MyCarZone">
    <failure type="java.lang.RuntimeException" message="FAILED">
      <![CDATA[java.lang.RuntimeException: FAILED
	at utils.Reporter.reportStep(Reporter.java:36)
	at utils.Reporter.reportStep(Reporter.java:46)
	at wrappers.GenericWrappers.clickByXpathJavascriptExecutor(GenericWrappers.java:513)
	at pages.P11_MyCarZone.updateCurfewAlerts(P11_MyCarZone.java:79)
	at testcases.TC011_MyCarZone.updateCurfewAlert(TC011_MyCarZone.java:84)
... Removed 24 stack frames]]>
    </failure>
  </testcase> <!-- updateCurfewAlert -->
</testsuite> <!-- Curfew Alert - Update Curfew Alert(failed) -->
