<?xml version="1.0" encoding="UTF-8"?>
<!-- Generated by org.testng.reporters.JUnitXMLReporter -->
<testsuite hostname="ICT-2003278-AQA" name="Maintenance :  Incomplete Milestone(failed)" tests="1" failures="1" timestamp="11 May 2023 18:15:44 GMT" time="31.782" errors="0">
  <testcase name="incompleteMilestone" time="23.95" classname="testcases.TC010_Maintenance">
    <failure type="java.lang.RuntimeException" message="FAILED">
      <![CDATA[java.lang.RuntimeException: FAILED
	at utils.Reporter.reportStep(Reporter.java:36)
	at utils.Reporter.reportStep(Reporter.java:46)
	at wrappers.GenericWrappers.clickByXpath(GenericWrappers.java:482)
	at pages.P10_Maintenance.incompleteMilestone(P10_Maintenance.java:80)
	at testcases.TC010_Maintenance.incompleteMilestone(TC010_Maintenance.java:65)
... Removed 24 stack frames]]>
    </failure>
  </testcase> <!-- incompleteMilestone -->
</testsuite> <!-- Maintenance :  Incomplete Milestone(failed) -->
