<?xml version="1.0" encoding="UTF-8"?>
<!-- Generated by org.testng.reporters.JUnitXMLReporter -->
<testsuite hostname="ICT-2003278-AQA" name="My Vehicles(failed)" tests="1" failures="1" timestamp="8 May 2023 18:17:43 GMT" time="19.415" errors="0">
  <testcase name="myVehiclesClickAddvehicle" time="8.575" classname="testcases.TC004_MyVehicles">
    <failure type="java.lang.RuntimeException" message="FAILED">
      <![CDATA[java.lang.RuntimeException: FAILED
	at utils.Reporter.reportStep(Reporter.java:36)
	at utils.Reporter.reportStep(Reporter.java:46)
	at wrappers.GenericWrappers.clickByXpath(GenericWrappers.java:481)
	at pages.P4_MyVehicles.clickAddVehicle(P4_MyVehicles.java:54)
	at testcases.TC004_MyVehicles.myVehiclesClickAddvehicle(TC004_MyVehicles.java:32)
... Removed 24 stack frames]]>
    </failure>
  </testcase> <!-- myVehiclesClickAddvehicle -->
</testsuite> <!-- My Vehicles(failed) -->
