<?xml version="1.0" encoding="UTF-8"?>
<!-- Generated by org.testng.reporters.JUnitXMLReporter -->
<testsuite hostname="ICT-2003278-AQA" name="MyCarZone - Delete GeoFence Alert(failed)" tests="1" failures="1" timestamp="9 May 2023 14:54:21 GMT" time="152.418" errors="0">
  <testcase name="deleteGeoFenceAlert" time="144.634" classname="testcases.TC011_MyCarZone">
    <failure type="java.lang.RuntimeException" message="FAILED">
      <![CDATA[java.lang.RuntimeException: FAILED
	at utils.Reporter.reportStep(Reporter.java:36)
	at utils.Reporter.reportStep(Reporter.java:46)
	at wrappers.GenericWrappers.waitUntilElementVisisble(GenericWrappers.java:178)
	at pages.P11_MyCarZone.deleteGeoFenceAlert(P11_MyCarZone.java:56)
	at testcases.TC011_MyCarZone.deleteGeoFenceAlert(TC011_MyCarZone.java:53)
... Removed 24 stack frames]]>
    </failure>
  </testcase> <!-- deleteGeoFenceAlert -->
</testsuite> <!-- MyCarZone - Delete GeoFence Alert(failed) -->
