<?xml version="1.0" encoding="UTF-8"?>
<!-- Generated by org.testng.reporters.JUnitXMLReporter -->
<testsuite hostname="ICT-2003278-AQA" name="MyCarZone(failed)" tests="2" failures="2" timestamp="19 Apr 2023 03:15:30 GMT" time="292.18" errors="0">
  <testcase name="geoFenceAlert" time="145.934" classname="testcases.TC011_MyCarZone">
    <failure type="java.lang.RuntimeException" message="FAILED">
      <![CDATA[java.lang.RuntimeException: FAILED
	at utils.Reporter.reportStep(Reporter.java:36)
	at utils.Reporter.reportStep(Reporter.java:46)
	at wrappers.GenericWrappers.waitUntilElementVisisble(GenericWrappers.java:178)
	at pages.P11_MyCarZone.geoFenceAlerts(P11_MyCarZone.java:32)
	at testcases.TC011_MyCarZone.geoFenceAlert(TC011_MyCarZone.java:22)
... Removed 24 stack frames]]>
    </failure>
  </testcase> <!-- geoFenceAlert -->
  <testcase name="geoFenceAlert" time="120.677" classname="testcases.TC011_MyCarZone">
    <failure type="java.lang.RuntimeException" message="FAILED">
      <![CDATA[java.lang.RuntimeException: FAILED
	at utils.Reporter.reportStep(Reporter.java:36)
	at utils.Reporter.reportStep(Reporter.java:46)
	at wrappers.GenericWrappers.waitUntilElementVisisble(GenericWrappers.java:178)
	at pages.P2_Login.<init>(P2_Login.java:16)
	at testcases.TC011_MyCarZone.geoFenceAlert(TC011_MyCarZone.java:14)
... Removed 24 stack frames]]>
    </failure>
  </testcase> <!-- geoFenceAlert -->
</testsuite> <!-- MyCarZone(failed) -->
