<?xml version="1.0" encoding="UTF-8"?>
<!-- Generated by org.testng.reporters.JUnitXMLReporter -->
<testsuite hostname="HAEI-GDC-025" failures="1" tests="1" name="RemoteSection(failed)" time="46.481" errors="0" timestamp="9 Jun 2023 06:36:54 GMT">
  <testcase classname="testcases.TC007_RemoteSection" name="RemoteSectionDoorLock" time="38.971">
    <failure type="java.lang.RuntimeException" message="FAILED">
      <![CDATA[java.lang.RuntimeException: FAILED
	at utils.Reporter.reportStep(Reporter.java:36)
	at utils.Reporter.reportStep(Reporter.java:46)
	at wrappers.GenericWrappers.clickByXpath(GenericWrappers.java:501)
	at pages.P7_RemoteSection.clickDoorLockRS(P7_RemoteSection.java:33)
	at testcases.TC007_RemoteSection.RemoteSectionDoorLock(TC007_RemoteSection.java:40)
... Removed 24 stack frames]]>
    </failure>
  </testcase> <!-- RemoteSectionDoorLock -->
</testsuite> <!-- RemoteSection(failed) -->
