<?xml version="1.0" encoding="UTF-8"?>
<!-- Generated by org.testng.reporters.JUnitXMLReporter -->
<testsuite hostname="ICT-2003278-AQA" name="Settings CP SMS Toggle - PIN update with password(failed)" tests="1" failures="1" timestamp="11 May 2023 18:16:31 GMT" time="23.157" errors="0">
  <testcase name="settingsCPTurnOffToggle" time="14.923" classname="testcases.TC000_Settings">
    <failure type="java.lang.RuntimeException" message="FAILED">
      <![CDATA[java.lang.RuntimeException: FAILED
	at utils.Reporter.reportStep(Reporter.java:36)
	at utils.Reporter.reportStep(Reporter.java:46)
	at wrappers.GenericWrappers.clickByXpath(GenericWrappers.java:482)
	at pages.P0_Settings.settingsCPdisabledSMStoggle(P0_Settings.java:112)
	at testcases.TC000_Settings.settingsCPTurnOffToggle(TC000_Settings.java:109)
... Removed 24 stack frames]]>
    </failure>
  </testcase> <!-- settingsCPTurnOffToggle -->
</testsuite> <!-- Settings CP SMS Toggle - PIN update with password(failed) -->
