<?xml version="1.0" encoding="UTF-8"?>
<!-- Generated by org.testng.reporters.JUnitXMLReporter -->
<testsuite hostname="HAEI-GDC-025" failures="1" tests="1" name="Speed Alert - Update Speed Alert(failed)" time="50.93" errors="0" timestamp="9 Jun 2023 11:15:52 GMT">
  <testcase classname="testcases.TC011_MyCarZone" name="updateCurfewAlertMCZ" time="45.539">
    <failure type="java.lang.RuntimeException" message="FAILED">
      <![CDATA[java.lang.RuntimeException: FAILED
	at utils.Reporter.reportStep(Reporter.java:36)
	at utils.Reporter.reportStep(Reporter.java:46)
	at wrappers.GenericWrappers.clickByXpath(GenericWrappers.java:501)
	at pages.P11_MyCarZone.updateSpeedAlert(P11_MyCarZone.java:111)
	at testcases.TC011_MyCarZone.updateCurfewAlertMCZ(TC011_MyCarZone.java:114)
... Removed 24 stack frames]]>
    </failure>
  </testcase> <!-- updateCurfewAlertMCZ -->
</testsuite> <!-- Speed Alert - Update Speed Alert(failed) -->
