<?xml version="1.0" encoding="UTF-8"?>
<!-- Generated by org.testng.reporters.JUnitXMLReporter -->
<testsuite hostname="HAEI-GDC-025" failures="1" tests="1" name="Additional Drivers - deleteTheVehicleFromSecondaryDriversAccount " time="19.567" errors="0" timestamp="16 Jun 2023 09:50:30 GMT">
  <testcase classname="testcases.TC013_AdditionalDrivers" name="deleteTheVehicleFromSecondaryDriverAccount" time="15.233">
    <failure type="org.openqa.selenium.ElementClickInterceptedException" message="element click intercepted: Element &amp;lt;img height=&amp;quot;100&amp;quot; src=&amp;quot;/content/dam/kia/us/owners/image/vehicle/2023/telluride/2023-TELLURIDE.png&amp;quot; alt=&amp;quot;TELLURIDE&amp;quot; title=&amp;quot;TELLURIDE&amp;quot;&amp;gt; is not clickable at point (559, 706). Other element would receive the click: &amp;lt;div class=&amp;quot;privacy-banner-contain&amp;quot; style=&amp;quot;display: block;&amp;quot;&amp;gt;...&amp;lt;/div&amp;gt;
  (Session info: chrome=112.0.5615.50)
Build info: version: &amp;apos;3.6.0&amp;apos;, revision: &amp;apos;6fbf3ec767&amp;apos;, time: &amp;apos;2017-09-27T15:28:36.4Z&amp;apos;
System info: host: &amp;apos;HAEI-GDC-025&amp;apos;, ip: &amp;apos;10.108.25.73&amp;apos;, os.name: &amp;apos;Windows 10&amp;apos;, os.arch: &amp;apos;amd64&amp;apos;, os.version: &amp;apos;10.0&amp;apos;, java.version: &amp;apos;17.0.7&amp;apos;
Driver info: org.openqa.selenium.chrome.ChromeDriver
Capabilities [{networkConnectionEnabled=false, chrome={chromedriverVersion=112.0.5615.49 (bd2a7bcb881c11e8cfe3078709382934e3916914-refs/branch-heads/5615@{#936}), userDataDir=C:\Users\2003278\AppData\Local\Temp\scoped_dir27544_1683904053}, timeouts={implicit=0, pageLoad=300000, script=30000}, pageLoadStrategy=normal, unhandledPromptBehavior=dismiss and notify, strictFileInteractability=false, platform=WINDOWS, proxy=Proxy(), webauthn:extension:minPinLength=true, goog:chromeOptions={debuggerAddress=localhost:51294}, webauthn:extension:credBlob=true, webauthn:extension:prf=true, acceptInsecureCerts=false, browserVersion=112.0.5615.50, browserName=chrome, javascriptEnabled=true, platformName=WINDOWS, setWindowRect=true, webauthn:extension:largeBlob=true, webauthn:virtualAuthenticators=true}]
Session ID: 1b646517da341fd2d78fbbaeef8ad7a5">
      <![CDATA[org.openqa.selenium.ElementClickInterceptedException: element click intercepted: Element <img height="100" src="/content/dam/kia/us/owners/image/vehicle/2023/telluride/2023-TELLURIDE.png" alt="TELLURIDE" title="TELLURIDE"> is not clickable at point (559, 706). Other element would receive the click: <div class="privacy-banner-contain" style="display: block;">...</div>
  (Session info: chrome=112.0.5615.50)
Build info: version: '3.6.0', revision: '6fbf3ec767', time: '2017-09-27T15:28:36.4Z'
System info: host: 'HAEI-GDC-025', ip: '10.108.25.73', os.name: 'Windows 10', os.arch: 'amd64', os.version: '10.0', java.version: '17.0.7'
Driver info: org.openqa.selenium.chrome.ChromeDriver
Capabilities [{networkConnectionEnabled=false, chrome={chromedriverVersion=112.0.5615.49 (bd2a7bcb881c11e8cfe3078709382934e3916914-refs/branch-heads/5615@{#936}), userDataDir=C:\Users\2003278\AppData\Local\Temp\scoped_dir27544_1683904053}, timeouts={implicit=0, pageLoad=300000, script=30000}, pageLoadStrategy=normal, unhandledPromptBehavior=dismiss and notify, strictFileInteractability=false, platform=WINDOWS, proxy=Proxy(), webauthn:extension:minPinLength=true, goog:chromeOptions={debuggerAddress=localhost:51294}, webauthn:extension:credBlob=true, webauthn:extension:prf=true, acceptInsecureCerts=false, browserVersion=112.0.5615.50, browserName=chrome, javascriptEnabled=true, platformName=WINDOWS, setWindowRect=true, webauthn:extension:largeBlob=true, webauthn:virtualAuthenticators=true}]
Session ID: 1b646517da341fd2d78fbbaeef8ad7a5
	at org.openqa.selenium.remote.http.W3CHttpResponseCodec.createException(W3CHttpResponseCodec.java:185)
	at org.openqa.selenium.remote.http.W3CHttpResponseCodec.decode(W3CHttpResponseCodec.java:120)
	at org.openqa.selenium.remote.http.W3CHttpResponseCodec.decode(W3CHttpResponseCodec.java:49)
	at org.openqa.selenium.remote.HttpCommandExecutor.execute(HttpCommandExecutor.java:164)
	at org.openqa.selenium.remote.service.DriverCommandExecutor.execute(DriverCommandExecutor.java:83)
	at org.openqa.selenium.remote.RemoteWebDriver.execute(RemoteWebDriver.java:586)
	at org.openqa.selenium.remote.RemoteWebElement.execute(RemoteWebElement.java:279)
	at org.openqa.selenium.remote.RemoteWebElement.click(RemoteWebElement.java:83)
	at wrappers.GenericWrappers.pickTheCar(GenericWrappers.java:905)
	at pages.P4_MyVehicles.pickTheCar(P4_MyVehicles.java:26)
	at testcases.TC013_AdditionalDrivers.deleteTheVehicleFromSecondaryDriverAccount(TC013_AdditionalDrivers.java:53)
... Removed 29 stack frames]]>
    </failure>
  </testcase> <!-- deleteTheVehicleFromSecondaryDriverAccount -->
</testsuite> <!-- Additional Drivers - deleteTheVehicleFromSecondaryDriversAccount  -->
