<?xml version="1.0" encoding="UTF-8"?>
<!-- Generated by org.testng.reporters.JUnitXMLReporter -->
<testsuite hostname="ICT-2003278-AQA" name="Maintenance :  Book Appointment" tests="1" failures="1" timestamp="31 May 2023 10:23:04 GMT" time="100.696" errors="0">
  <testcase name="requestDealerAppointments" time="90.917" classname="testcases.TC010_Maintenance">
    <failure type="java.lang.RuntimeException" message="FAILED">
      <![CDATA[java.lang.RuntimeException: FAILED
	at utils.Reporter.reportStep(Reporter.java:36)
	at utils.Reporter.reportStep(Reporter.java:46)
	at wrappers.GenericWrappers.scrollDownJavaScriptExecutor(GenericWrappers.java:1032)
	at pages.P10_Maintenance.requestDealerAppointment(P10_Maintenance.java:126)
	at testcases.TC010_Maintenance.requestDealerAppointments(TC010_Maintenance.java:106)
... Removed 24 stack frames]]>
    </failure>
  </testcase> <!-- requestDealerAppointments -->
</testsuite> <!-- Maintenance :  Book Appointment -->
