<?xml version="1.0" encoding="UTF-8"?>
<!-- Generated by org.testng.reporters.JUnitXMLReporter -->
<testsuite hostname="ICT-2003278-AQA" name="MyCarZone" tests="1" failures="1" timestamp="2 May 2023 03:45:42 GMT" time="157.704" errors="0">
  <testcase name="geoFenceAlert" time="147.403" classname="testcases.TC011_MyCarZone">
    <failure type="java.lang.RuntimeException" message="FAILED">
      <![CDATA[java.lang.RuntimeException: FAILED
	at utils.Reporter.reportStep(Reporter.java:36)
	at utils.Reporter.reportStep(Reporter.java:46)
	at wrappers.GenericWrappers.waitUntilElementVisisble(GenericWrappers.java:178)
	at pages.P11_MyCarZone.geoFenceAlerts(P11_MyCarZone.java:32)
	at testcases.TC011_MyCarZone.geoFenceAlert(TC011_MyCarZone.java:22)
... Removed 24 stack frames]]>
    </failure>
  </testcase> <!-- geoFenceAlert -->
</testsuite> <!-- MyCarZone -->
