<?xml version="1.0" encoding="UTF-8"?>
<!-- Generated by org.testng.reporters.JUnitXMLReporter -->
<testsuite hostname="ICT-2003278-AQA" name="Locations(failed)(failed)(failed)" tests="1" failures="1" timestamp="10 May 2023 03:33:55 GMT" time="72.06" errors="0">
  <testcase name="LocationsSavePOISendToVehiclenDelete" time="62.804" classname="testcases.TC009_Locations">
    <failure type="java.lang.RuntimeException" message="FAILED">
      <![CDATA[java.lang.RuntimeException: FAILED
	at utils.Reporter.reportStep(Reporter.java:36)
	at utils.Reporter.reportStep(Reporter.java:46)
	at wrappers.GenericWrappers.clickByXpath(GenericWrappers.java:481)
	at pages.P9_Locations.deletePOI(P9_Locations.java:63)
	at testcases.TC009_Locations.LocationsSavePOISendToVehiclenDelete(TC009_Locations.java:80)
... Removed 24 stack frames]]>
    </failure>
  </testcase> <!-- LocationsSavePOISendToVehiclenDelete -->
</testsuite> <!-- Locations(failed)(failed)(failed) -->
